<?xml version="1.0" encoding="UTF-8"?>
<!-- Generated by org.testng.reporters.JUnitXMLReporter -->
<testsuite hostname="LAB1033R8HK3" ignored="0" tests="1" failures="1" timestamp="08 Dec 2022 15:16:27 GMT" time="16.014" errors="0">
  <testcase name="VerifyItemsInCart" time="8.159" classname="VerifyItemsInCartTest">
    <failure type="org.openqa.selenium.NoSuchElementException" message="Unable to find element with locator By.id: //div[@class=&amp;apos;cart_item&amp;apos;]
For documentation on this error, please visit: https://selenium.dev/exceptions/#no_such_element
Build info: version: &amp;apos;4.1.1&amp;apos;, revision: &amp;apos;e8fcc2cecf&amp;apos;
System info: host: &amp;apos;LAB1033R8HK3&amp;apos;, ip: &amp;apos;192.168.0.200&amp;apos;, os.name: &amp;apos;Windows 10&amp;apos;, os.arch: &amp;apos;x86&amp;apos;, os.version: &amp;apos;10.0&amp;apos;, java.version: &amp;apos;1.8.0_181&amp;apos;
Driver info: driver.version: SeleniumDriver">
      <![CDATA[org.openqa.selenium.NoSuchElementException: Unable to find element with locator By.id: //div[@class='cart_item']
For documentation on this error, please visit: https://selenium.dev/exceptions/#no_such_element
Build info: version: '4.1.1', revision: 'e8fcc2cecf'
System info: host: 'LAB1033R8HK3', ip: '192.168.0.200', os.name: 'Windows 10', os.arch: 'x86', os.version: '10.0', java.version: '1.8.0_181'
Driver info: driver.version: SeleniumDriver
	at org.openqa.selenium.remote.ElementLocation$ElementFinder$2.findElement(ElementLocation.java:165)
	at org.openqa.selenium.remote.ElementLocation.findElement(ElementLocation.java:60)
	at org.openqa.selenium.remote.RemoteWebDriver.findElement(RemoteWebDriver.java:367)
	at org.openqa.selenium.remote.RemoteWebDriver.findElement(RemoteWebDriver.java:359)
	at Utilities.SeleniumDriver.GetText(SeleniumDriver.java:117)
	at PageObjects.YourCartPage.VerifyItemsInCart(YourCartPage.java:18)
	at VerifyItemsInCartTest.VerifyItemsInCart(VerifyItemsInCartTest.java:38)
... Removed 34 stack frames]]>
    </failure>
  </testcase> <!-- VerifyItemsInCart -->
</testsuite>
